[19:21:43] [main/INFO] [GradleStart]: No arguments specified, assuming client.
[19:21:43] [main/INFO] [GradleStart]: Extra: []
[19:21:43] [main/INFO] [GradleStart]: Running with arguments: [--userProperties, {}, --assetsDir, C:/Users/Dylan/.gradle/caches/minecraft/assets, --assetIndex, 1.7.10, --accessToken, {REDACTED}, --version, 1.7.10, --tweakClass, cpw.mods.fml.common.launcher.FMLTweaker]
[19:21:43] [main/INFO] [LaunchWrapper]: Loading tweak class name cpw.mods.fml.common.launcher.FMLTweaker
[19:21:43] [main/INFO] [LaunchWrapper]: Using primary tweak class name cpw.mods.fml.common.launcher.FMLTweaker
[19:21:43] [main/INFO] [LaunchWrapper]: Calling tweak class cpw.mods.fml.common.launcher.FMLTweaker
[09:53:42] [main/INFO] [GradleStart]: No arguments specified, assuming client.
[09:53:42] [main/INFO] [GradleStart]: Extra: []
[09:53:42] [main/INFO] [GradleStart]: Running with arguments: [--userProperties, {}, --assetsDir, C:/Users/Dylan/.gradle/caches/minecraft/assets, --assetIndex, 1.7.10, --accessToken, {REDACTED}, --version, 1.7.10, --tweakClass, cpw.mods.fml.common.launcher.FMLTweaker]
[09:53:42] [main/INFO] [LaunchWrapper]: Loading tweak class name cpw.mods.fml.common.launcher.FMLTweaker
[09:53:42] [main/INFO] [LaunchWrapper]: Using primary tweak class name cpw.mods.fml.common.launcher.FMLTweaker
[09:53:42] [main/INFO] [LaunchWrapper]: Calling tweak class cpw.mods.fml.common.launcher.FMLTweaker
[10:18:12] [main/INFO] [GradleStart]: No arguments specified, assuming client.
[10:18:12] [main/INFO] [GradleStart]: Extra: []
[10:18:12] [main/INFO] [GradleStart]: Running with arguments: [--userProperties, {}, --assetsDir, C:/Users/Dylan/.gradle/caches/minecraft/assets, --assetIndex, 1.7.10, --accessToken, {REDACTED}, --version, 1.7.10, --tweakClass, cpw.mods.fml.common.launcher.FMLTweaker]
[10:18:12] [main/INFO] [LaunchWrapper]: Loading tweak class name cpw.mods.fml.common.launcher.FMLTweaker
[10:18:12] [main/INFO] [LaunchWrapper]: Using primary tweak class name cpw.mods.fml.common.launcher.FMLTweaker
[10:18:12] [main/INFO] [LaunchWrapper]: Calling tweak class cpw.mods.fml.common.launcher.FMLTweaker
[10:19:36] [main/INFO] [GradleStart]: No arguments specified, assuming client.
[10:19:36] [main/INFO] [GradleStart]: Extra: []
[10:19:36] [main/INFO] [GradleStart]: Running with arguments: [--userProperties, {}, --assetsDir, C:/Users/Dylan/.gradle/caches/minecraft/assets, --assetIndex, 1.7.10, --accessToken, {REDACTED}, --version, 1.7.10, --tweakClass, cpw.mods.fml.common.launcher.FMLTweaker]
[10:19:36] [main/INFO] [LaunchWrapper]: Loading tweak class name cpw.mods.fml.common.launcher.FMLTweaker
[10:19:36] [main/INFO] [LaunchWrapper]: Using primary tweak class name cpw.mods.fml.common.launcher.FMLTweaker
[10:19:36] [main/INFO] [LaunchWrapper]: Calling tweak class cpw.mods.fml.common.launcher.FMLTweaker
[13:44:03] [main/INFO] [GradleStart]: No arguments specified, assuming client.
[13:44:03] [main/INFO] [GradleStart]: Extra: []
[13:44:04] [main/INFO] [GradleStart]: Running with arguments: [--userProperties, {}, --assetsDir, C:/Users/Dylan/.gradle/caches/minecraft/assets, --assetIndex, 1.7.10, --accessToken, {REDACTED}, --version, 1.7.10, --tweakClass, cpw.mods.fml.common.launcher.FMLTweaker]
[13:44:04] [main/INFO] [LaunchWrapper]: Loading tweak class name cpw.mods.fml.common.launcher.FMLTweaker
[13:44:04] [main/INFO] [LaunchWrapper]: Using primary tweak class name cpw.mods.fml.common.launcher.FMLTweaker
[13:44:04] [main/INFO] [LaunchWrapper]: Calling tweak class cpw.mods.fml.common.launcher.FMLTweaker
[13:46:33] [main/INFO] [GradleStart]: username: buggzboy
[13:46:33] [main/INFO] [GradleStart]: Extra: []
[13:46:33] [main/INFO] [GradleStart]: Password found, attempting login
[13:46:34] [main/INFO] [GradleStart]: Login Succesful!
[13:46:34] [main/INFO] [GradleStart]: Running with arguments: [--userProperties, {}, --assetsDir, C:/Users/Dylan/.gradle/caches/minecraft/assets, --assetIndex, 1.7.10, --accessToken, {REDACTED}, --version, 1.7.10, --uuid, 543e023db2f446ba85a6fa8989fd295d, --tweakClass, cpw.mods.fml.common.launcher.FMLTweaker, --username, buggzboy]
[13:46:34] [main/INFO] [LaunchWrapper]: Loading tweak class name cpw.mods.fml.common.launcher.FMLTweaker
[13:46:34] [main/INFO] [LaunchWrapper]: Using primary tweak class name cpw.mods.fml.common.launcher.FMLTweaker
[13:46:34] [main/INFO] [LaunchWrapper]: Calling tweak class cpw.mods.fml.common.launcher.FMLTweaker
[13:49:34] [main/INFO] [GradleStart]: username: buggzboy
[13:49:34] [main/INFO] [GradleStart]: Extra: []
[13:49:34] [main/INFO] [GradleStart]: Password found, attempting login
[13:49:35] [main/INFO] [GradleStart]: Login Succesful!
[13:49:35] [main/INFO] [GradleStart]: Running with arguments: [--userProperties, {}, --assetsDir, C:/Users/Dylan/.gradle/caches/minecraft/assets, --assetIndex, 1.7.10, --accessToken, {REDACTED}, --version, 1.7.10, --uuid, 543e023db2f446ba85a6fa8989fd295d, --tweakClass, cpw.mods.fml.common.launcher.FMLTweaker, --username, buggzboy]
[13:49:35] [main/INFO] [LaunchWrapper]: Loading tweak class name cpw.mods.fml.common.launcher.FMLTweaker
[13:49:35] [main/INFO] [LaunchWrapper]: Using primary tweak class name cpw.mods.fml.common.launcher.FMLTweaker
[13:49:35] [main/INFO] [LaunchWrapper]: Calling tweak class cpw.mods.fml.common.launcher.FMLTweaker
[13:54:08] [main/INFO] [GradleStart]: username: buggzboy
[13:54:08] [main/INFO] [GradleStart]: Extra: []
[13:54:08] [main/INFO] [GradleStart]: Password found, attempting login
[13:54:08] [main/INFO] [GradleStart]: Login Succesful!
[13:54:08] [main/INFO] [GradleStart]: Running with arguments: [--userProperties, {}, --assetsDir, C:/Users/Dylan/.gradle/caches/minecraft/assets, --assetIndex, 1.7.10, --accessToken, {REDACTED}, --version, 1.7.10, --uuid, 543e023db2f446ba85a6fa8989fd295d, --tweakClass, cpw.mods.fml.common.launcher.FMLTweaker, --username, buggzboy]
[13:54:08] [main/INFO] [LaunchWrapper]: Loading tweak class name cpw.mods.fml.common.launcher.FMLTweaker
[13:54:08] [main/INFO] [LaunchWrapper]: Using primary tweak class name cpw.mods.fml.common.launcher.FMLTweaker
[13:54:08] [main/INFO] [LaunchWrapper]: Calling tweak class cpw.mods.fml.common.launcher.FMLTweaker
[13:57:19] [main/INFO] [GradleStart]: username: buggzboy
[13:57:19] [main/INFO] [GradleStart]: Extra: []
[13:57:19] [main/INFO] [GradleStart]: Password found, attempting login
[13:57:20] [main/INFO] [GradleStart]: Login Succesful!
[13:57:20] [main/INFO] [GradleStart]: Running with arguments: [--userProperties, {}, --assetsDir, C:/Users/Dylan/.gradle/caches/minecraft/assets, --assetIndex, 1.7.10, --accessToken, {REDACTED}, --version, 1.7.10, --uuid, 543e023db2f446ba85a6fa8989fd295d, --tweakClass, cpw.mods.fml.common.launcher.FMLTweaker, --username, buggzboy]
[13:57:20] [main/INFO] [LaunchWrapper]: Loading tweak class name cpw.mods.fml.common.launcher.FMLTweaker
[13:57:20] [main/INFO] [LaunchWrapper]: Using primary tweak class name cpw.mods.fml.common.launcher.FMLTweaker
[13:57:20] [main/INFO] [LaunchWrapper]: Calling tweak class cpw.mods.fml.common.launcher.FMLTweaker
[14:40:06] [main/INFO] [GradleStart]: username: buggzboy
[14:40:06] [main/INFO] [GradleStart]: Extra: []
[14:40:06] [main/INFO] [GradleStart]: Password found, attempting login
[14:40:07] [main/INFO] [GradleStart]: Login Succesful!
[14:40:07] [main/INFO] [GradleStart]: Running with arguments: [--userProperties, {}, --assetsDir, C:/Users/Dylan/.gradle/caches/minecraft/assets, --assetIndex, 1.7.10, --accessToken, {REDACTED}, --version, 1.7.10, --uuid, 543e023db2f446ba85a6fa8989fd295d, --tweakClass, cpw.mods.fml.common.launcher.FMLTweaker, --username, buggzboy]
[14:40:07] [main/INFO] [LaunchWrapper]: Loading tweak class name cpw.mods.fml.common.launcher.FMLTweaker
[14:40:07] [main/INFO] [LaunchWrapper]: Using primary tweak class name cpw.mods.fml.common.launcher.FMLTweaker
[14:40:07] [main/INFO] [LaunchWrapper]: Calling tweak class cpw.mods.fml.common.launcher.FMLTweaker
[14:45:32] [main/INFO] [GradleStart]: username: buggzboy
[14:45:32] [main/INFO] [GradleStart]: Extra: []
[14:45:32] [main/INFO] [GradleStart]: Password found, attempting login
[14:45:33] [main/INFO] [GradleStart]: Login Succesful!
[14:45:33] [main/INFO] [GradleStart]: Running with arguments: [--userProperties, {}, --assetsDir, C:/Users/Dylan/.gradle/caches/minecraft/assets, --assetIndex, 1.7.10, --accessToken, {REDACTED}, --version, 1.7.10, --uuid, 543e023db2f446ba85a6fa8989fd295d, --tweakClass, cpw.mods.fml.common.launcher.FMLTweaker, --username, buggzboy]
[14:45:33] [main/INFO] [LaunchWrapper]: Loading tweak class name cpw.mods.fml.common.launcher.FMLTweaker
[14:45:33] [main/INFO] [LaunchWrapper]: Using primary tweak class name cpw.mods.fml.common.launcher.FMLTweaker
[14:45:33] [main/INFO] [LaunchWrapper]: Calling tweak class cpw.mods.fml.common.launcher.FMLTweaker
[14:47:11] [main/INFO] [GradleStart]: username: buggzboy
[14:47:11] [main/INFO] [GradleStart]: Extra: []
[14:47:11] [main/INFO] [GradleStart]: Password found, attempting login
[14:47:13] [main/INFO] [GradleStart]: Login Succesful!
[14:47:13] [main/INFO] [GradleStart]: Running with arguments: [--userProperties, {}, --assetsDir, C:/Users/Dylan/.gradle/caches/minecraft/assets, --assetIndex, 1.7.10, --accessToken, {REDACTED}, --version, 1.7.10, --uuid, 543e023db2f446ba85a6fa8989fd295d, --tweakClass, cpw.mods.fml.common.launcher.FMLTweaker, --username, buggzboy]
[14:47:13] [main/INFO] [LaunchWrapper]: Loading tweak class name cpw.mods.fml.common.launcher.FMLTweaker
[14:47:13] [main/INFO] [LaunchWrapper]: Using primary tweak class name cpw.mods.fml.common.launcher.FMLTweaker
[14:47:13] [main/INFO] [LaunchWrapper]: Calling tweak class cpw.mods.fml.common.launcher.FMLTweaker
[15:01:09] [main/INFO] [GradleStart]: username: buggzboy
[15:01:09] [main/INFO] [GradleStart]: Extra: []
[15:01:09] [main/INFO] [GradleStart]: Password found, attempting login
[15:01:10] [main/INFO] [GradleStart]: Login Succesful!
[15:01:10] [main/INFO] [GradleStart]: Running with arguments: [--userProperties, {}, --assetsDir, C:/Users/Dylan/.gradle/caches/minecraft/assets, --assetIndex, 1.7.10, --accessToken, {REDACTED}, --version, 1.7.10, --uuid, 543e023db2f446ba85a6fa8989fd295d, --tweakClass, cpw.mods.fml.common.launcher.FMLTweaker, --username, buggzboy]
[15:01:10] [main/INFO] [LaunchWrapper]: Loading tweak class name cpw.mods.fml.common.launcher.FMLTweaker
[15:01:10] [main/INFO] [LaunchWrapper]: Using primary tweak class name cpw.mods.fml.common.launcher.FMLTweaker
[15:01:10] [main/INFO] [LaunchWrapper]: Calling tweak class cpw.mods.fml.common.launcher.FMLTweaker
[15:03:32] [main/INFO] [GradleStart]: username: buggzboy
[15:03:32] [main/INFO] [GradleStart]: Extra: []
[15:03:32] [main/INFO] [GradleStart]: Password found, attempting login
[15:03:33] [main/INFO] [GradleStart]: Login Succesful!
[15:03:33] [main/INFO] [GradleStart]: Running with arguments: [--userProperties, {}, --assetsDir, C:/Users/Dylan/.gradle/caches/minecraft/assets, --assetIndex, 1.7.10, --accessToken, {REDACTED}, --version, 1.7.10, --uuid, 543e023db2f446ba85a6fa8989fd295d, --tweakClass, cpw.mods.fml.common.launcher.FMLTweaker, --username, buggzboy]
[15:03:33] [main/INFO] [LaunchWrapper]: Loading tweak class name cpw.mods.fml.common.launcher.FMLTweaker
[15:03:33] [main/INFO] [LaunchWrapper]: Using primary tweak class name cpw.mods.fml.common.launcher.FMLTweaker
[15:03:33] [main/INFO] [LaunchWrapper]: Calling tweak class cpw.mods.fml.common.launcher.FMLTweaker
[15:12:30] [main/INFO] [GradleStart]: username: buggzboy
[15:12:30] [main/INFO] [GradleStart]: Extra: []
[15:12:30] [main/INFO] [GradleStart]: Password found, attempting login
[15:12:31] [main/INFO] [GradleStart]: Login Succesful!
[15:12:31] [main/INFO] [GradleStart]: Running with arguments: [--userProperties, {}, --assetsDir, C:/Users/Dylan/.gradle/caches/minecraft/assets, --assetIndex, 1.7.10, --accessToken, {REDACTED}, --version, 1.7.10, --uuid, 543e023db2f446ba85a6fa8989fd295d, --tweakClass, cpw.mods.fml.common.launcher.FMLTweaker, --username, buggzboy]
[15:12:31] [main/INFO] [LaunchWrapper]: Loading tweak class name cpw.mods.fml.common.launcher.FMLTweaker
[15:12:31] [main/INFO] [LaunchWrapper]: Using primary tweak class name cpw.mods.fml.common.launcher.FMLTweaker
[15:12:31] [main/INFO] [LaunchWrapper]: Calling tweak class cpw.mods.fml.common.launcher.FMLTweaker
